<?xml version="1.0" encoding="UTF-8"?>
<testng-results skipped="0" failed="0" ignored="0" total="1" passed="1">
  <reporter-output>
  </reporter-output>
  <suite name="Default suite" duration-ms="265" started-at="2019-11-28T09:46:05Z" finished-at="2019-11-28T09:46:05Z">
    <groups>
    </groups>
    <test name="Default test" duration-ms="265" started-at="2019-11-28T09:46:05Z" finished-at="2019-11-28T09:46:05Z">
      <class name="com.atmecs.assessment.testscripts.PolicyEffectiveDateCalculator">
        <test-method status="PASS" signature="policyDateEvaluator()[pri:0, instance:com.atmecs.assessment.testscripts.PolicyEffectiveDateCalculator@2898ac89]" name="policyDateEvaluator" duration-ms="219" started-at="2019-11-28T09:46:05Z" finished-at="2019-11-28T09:46:05Z">
          <reporter-output>
          </reporter-output>
        </test-method> <!-- policyDateEvaluator -->
      </class> <!-- com.atmecs.assessment.testscripts.PolicyEffectiveDateCalculator -->
    </test> <!-- Default test -->
  </suite> <!-- Default suite -->
</testng-results>
